[19:17:37] [Client thread/INFO]: Setting user: Player536
[19:17:41] [Client thread/WARN]: Skipping bad option: lastServer:
[19:17:41] [Client thread/INFO]: LWJGL Version: 2.9.4
[19:17:42] [Client thread/INFO]: [STDOUT]: ---- Minecraft Crash Report ----
// Everything's going to plan. No, really, that was supposed to happen.

Time: 5/31/17 7:17 PM
Description: Loading screen debug info

This is just a prompt for computer specs to be printed. THIS IS NOT A ERROR


A detailed walkthrough of the error, its code path and all known details is as follows:
---------------------------------------------------------------------------------------

-- System Details --
Details:
	Minecraft Version: 1.11.2
	Operating System: Windows 10 (amd64) version 10.0
	Java Version: 1.8.0_131, Oracle Corporation
	Java VM Version: Java HotSpot(TM) 64-Bit Server VM (mixed mode), Oracle Corporation
	Memory: 604843216 bytes (576 MB) / 845676544 bytes (806 MB) up to 3799515136 bytes (3623 MB)
	JVM Flags: 0 total; 
	IntCache: cache: 0, tcache: 0, allocated: 0, tallocated: 0
	FML: 
	Loaded coremods (and transformers): 
	GL info: ' Vendor: 'NVIDIA Corporation' Version: '4.5.0 NVIDIA 376.53' Renderer: 'GeForce GTX 560/PCIe/SSE2'
[19:17:43] [Client thread/INFO]: Reloading ResourceManager: Default, FMLFileResourcePack:Forge Mod Loader, FMLFileResourcePack:Minecraft Forge, FMLFileResourcePack:Races
[19:17:46] [Sound Library Loader/INFO]: Starting up SoundSystem...
[19:17:46] [Thread-8/INFO]: Initializing LWJGL OpenAL
[19:17:46] [Thread-8/INFO]: (The LWJGL binding of OpenAL.  For more information, see http://www.lwjgl.org)
[19:17:46] [Thread-8/INFO]: OpenAL initialized.
[19:17:47] [Sound Library Loader/INFO]: Sound engine started
[19:17:50] [Client thread/INFO]: Created: 16x16 textures-atlas
[19:17:51] [Client thread/INFO]: Reloading ResourceManager: Default, FMLFileResourcePack:Forge Mod Loader, FMLFileResourcePack:Minecraft Forge, FMLFileResourcePack:Races
[19:17:53] [Client thread/INFO]: SoundSystem shutting down...
[19:17:53] [Client thread/WARN]: Author: Paul Lamb, www.paulscode.com
[19:17:53] [Sound Library Loader/INFO]: Starting up SoundSystem...
[19:17:53] [Thread-10/INFO]: Initializing LWJGL OpenAL
[19:17:53] [Thread-10/INFO]: (The LWJGL binding of OpenAL.  For more information, see http://www.lwjgl.org)
[19:17:53] [Thread-10/INFO]: OpenAL initialized.
[19:17:54] [Sound Library Loader/INFO]: Sound engine started
[19:17:57] [Client thread/INFO]: Created: 1024x512 textures-atlas
[19:17:57] [Client thread/WARN]: Skipping bad option: lastServer:
[19:17:59] [Realms Notification Availability checker #1/INFO]: Could not authorize you against Realms server: Invalid session id
[19:18:01] [Server thread/INFO]: Starting integrated minecraft server version 1.11.2
[19:18:01] [Server thread/INFO]: Generating keypair
[19:18:02] [Server thread/INFO]: Preparing start region for level 0
[19:18:03] [Server thread/INFO]: Changing view distance to 12, from 10
[19:18:04] [Server thread/INFO]: Player536[local:E:5cf59939] logged in with entity id 118 at (1392.982939144556, 4.0, 588.9408884626816)
[19:18:04] [Server thread/INFO]: Player536 joined the game
[19:18:05] [Server thread/INFO]: Saving and pausing game...
[19:18:05] [Server thread/INFO]: Saving chunks for level 'Testing grounds flat'/Overworld
[19:18:05] [Server thread/INFO]: Saving chunks for level 'Testing grounds flat'/Nether
[19:18:05] [Server thread/INFO]: Saving chunks for level 'Testing grounds flat'/The End
[19:18:06] [pool-2-thread-1/WARN]: Couldn't look up profile properties for com.mojang.authlib.GameProfile@652a37b0[id=8cfc5391-e37d-328f-a689-9b5f6c4663f5,name=Player536,properties={},legacy=false]
com.mojang.authlib.exceptions.AuthenticationException: The client has sent too many requests within a certain amount of time
	at com.mojang.authlib.yggdrasil.YggdrasilAuthenticationService.makeRequest(YggdrasilAuthenticationService.java:79) ~[YggdrasilAuthenticationService.class:?]
	at com.mojang.authlib.yggdrasil.YggdrasilMinecraftSessionService.fillGameProfile(YggdrasilMinecraftSessionService.java:180) [YggdrasilMinecraftSessionService.class:?]
	at com.mojang.authlib.yggdrasil.YggdrasilMinecraftSessionService$1.load(YggdrasilMinecraftSessionService.java:60) [YggdrasilMinecraftSessionService$1.class:?]
	at com.mojang.authlib.yggdrasil.YggdrasilMinecraftSessionService$1.load(YggdrasilMinecraftSessionService.java:57) [YggdrasilMinecraftSessionService$1.class:?]
	at com.google.common.cache.LocalCache$LoadingValueReference.loadFuture(LocalCache.java:3524) [guava-17.0.jar:?]
	at com.google.common.cache.LocalCache$Segment.loadSync(LocalCache.java:2317) [guava-17.0.jar:?]
	at com.google.common.cache.LocalCache$Segment.lockedGetOrLoad(LocalCache.java:2280) [guava-17.0.jar:?]
	at com.google.common.cache.LocalCache$Segment.get(LocalCache.java:2195) [guava-17.0.jar:?]
	at com.google.common.cache.LocalCache.get(LocalCache.java:3934) [guava-17.0.jar:?]
	at com.google.common.cache.LocalCache.getOrLoad(LocalCache.java:3938) [guava-17.0.jar:?]
	at com.google.common.cache.LocalCache$LocalLoadingCache.get(LocalCache.java:4821) [guava-17.0.jar:?]
	at com.google.common.cache.LocalCache$LocalLoadingCache.getUnchecked(LocalCache.java:4827) [guava-17.0.jar:?]
	at com.mojang.authlib.yggdrasil.YggdrasilMinecraftSessionService.fillProfileProperties(YggdrasilMinecraftSessionService.java:170) [YggdrasilMinecraftSessionService.class:?]
	at net.minecraft.client.Minecraft.getProfileProperties(Minecraft.java:3056) [Minecraft.class:?]
	at net.minecraft.client.resources.SkinManager$3.run(SkinManager.java:138) [SkinManager$3.class:?]
	at java.util.concurrent.Executors$RunnableAdapter.call(Executors.java:511) [?:1.8.0_131]
	at java.util.concurrent.FutureTask.run(FutureTask.java:266) [?:1.8.0_131]
	at java.util.concurrent.ThreadPoolExecutor.runWorker(ThreadPoolExecutor.java:1142) [?:1.8.0_131]
	at java.util.concurrent.ThreadPoolExecutor$Worker.run(ThreadPoolExecutor.java:617) [?:1.8.0_131]
	at java.lang.Thread.run(Thread.java:748) [?:1.8.0_131]
[19:18:09] [Server thread/INFO]: Saving and pausing game...
[19:18:09] [Server thread/INFO]: Saving chunks for level 'Testing grounds flat'/Overworld
[19:18:09] [Server thread/INFO]: Saving chunks for level 'Testing grounds flat'/Nether
[19:18:09] [Server thread/INFO]: Saving chunks for level 'Testing grounds flat'/The End
[19:18:17] [Server thread/INFO]: Player536 has just earned the achievement [Taking Inventory]
[19:18:18] [Client thread/INFO]: [CHAT] Player536 has just earned the achievement [Taking Inventory]
[19:18:47] [Server thread/INFO]: Saving and pausing game...
[19:18:47] [Server thread/INFO]: Saving chunks for level 'Testing grounds flat'/Overworld
[19:18:47] [Server thread/INFO]: Saving chunks for level 'Testing grounds flat'/Nether
[19:18:47] [Server thread/INFO]: Saving chunks for level 'Testing grounds flat'/The End
[19:18:59] [Server thread/INFO]: Saving and pausing game...
[19:18:59] [Server thread/INFO]: Saving chunks for level 'Testing grounds flat'/Overworld
[19:18:59] [Server thread/INFO]: Saving chunks for level 'Testing grounds flat'/Nether
[19:18:59] [Server thread/INFO]: Saving chunks for level 'Testing grounds flat'/The End
[19:20:58] [Server thread/INFO]: Saving and pausing game...
[19:20:58] [Server thread/INFO]: Saving chunks for level 'Testing grounds flat'/Overworld
[19:20:58] [Server thread/INFO]: Saving chunks for level 'Testing grounds flat'/Nether
[19:20:58] [Server thread/INFO]: Saving chunks for level 'Testing grounds flat'/The End
[19:21:22] [Client thread/INFO]: Stopping!
[19:21:22] [Server thread/INFO]: Stopping server
[19:21:22] [Server thread/INFO]: Saving players
[19:21:22] [Server thread/INFO]: Saving worlds
[19:21:22] [Server thread/INFO]: Saving chunks for level 'Testing grounds flat'/Overworld
[19:21:22] [Server thread/INFO]: Saving chunks for level 'Testing grounds flat'/Nether
[19:21:22] [Server thread/INFO]: Saving chunks for level 'Testing grounds flat'/The End
[19:21:22] [Client thread/INFO]: SoundSystem shutting down...
[19:21:23] [Client thread/WARN]: Author: Paul Lamb, www.paulscode.com
